<?xml version="1.0" encoding="UTF-8"?>
<testng-results skipped="0" failed="3" ignored="0" total="4" passed="1">
  <reporter-output>
  </reporter-output>
  <suite name="Default suite" duration-ms="6061" started-at="2018-02-19T11:23:29Z" finished-at="2018-02-19T11:23:35Z">
    <groups>
    </groups>
    <test name="Default test" duration-ms="6061" started-at="2018-02-19T11:23:29Z" finished-at="2018-02-19T11:23:35Z">
      <class name="TopIMDB250.Top250Test">
        <test-method status="PASS" signature="droptable()[pri:0, instance:TopIMDB250.Top250Test@13fe9b6]" name="droptable" is-config="true" duration-ms="1154" started-at="2018-02-19T16:53:29Z" finished-at="2018-02-19T16:53:30Z">
          <reporter-output>
          </reporter-output>
        </test-method> <!-- droptable -->
        <test-method status="FAIL" signature="GetBrowser()[pri:1, instance:TopIMDB250.Top250Test@13fe9b6]" name="GetBrowser" duration-ms="4607" started-at="2018-02-19T16:53:30Z" finished-at="2018-02-19T16:53:35Z">
          <exception class="org.openqa.selenium.SessionNotCreatedException">
            <message>
              <![CDATA[Unable to find a matching set of capabilitiesBuild info: version: '3.8.1', revision: '6e95a6684b', time: '2017-12-01T18:33:54.468Z'System info: host: 'KUMARWARDULE-PC', ip: '192.168.1.209', os.name: 'Windows 7', os.arch: 'x86', os.version: '6.1', java.version: '1.8.0_162'Driver info: driver.version: FirefoxDriverremote stacktrace: stack backtrace:   0:           0x47e934 - <no info>   1:           0x47f0a3 - <no info>   2:           0x442511 - <no info>   3:           0x4436da - <no info>   4:           0x42a890 - <no info>   5:           0x406f5e - <no info>   6:           0x40cfc9 - <no info>   7:           0x6bef19 - <no info>   8:           0x420756 - <no info>   9:           0x6b96e0 - <no info>  10:         0x779059cd - BaseThreadInitThunk]]>
            </message>
            <full-stacktrace>
              <![CDATA[org.openqa.selenium.SessionNotCreatedException: Unable to find a matching set of capabilitiesBuild info: version: '3.8.1', revision: '6e95a6684b', time: '2017-12-01T18:33:54.468Z'System info: host: 'KUMARWARDULE-PC', ip: '192.168.1.209', os.name: 'Windows 7', os.arch: 'x86', os.version: '6.1', java.version: '1.8.0_162'Driver info: driver.version: FirefoxDriverremote stacktrace: stack backtrace:   0:           0x47e934 - <no info>   1:           0x47f0a3 - <no info>   2:           0x442511 - <no info>   3:           0x4436da - <no info>   4:           0x42a890 - <no info>   5:           0x406f5e - <no info>   6:           0x40cfc9 - <no info>   7:           0x6bef19 - <no info>   8:           0x420756 - <no info>   9:           0x6b96e0 - <no info>  10:         0x779059cd - BaseThreadInitThunkat sun.reflect.NativeConstructorAccessorImpl.newInstance0(Native Method)at sun.reflect.NativeConstructorAccessorImpl.newInstance(NativeConstructorAccessorImpl.java:62)at sun.reflect.DelegatingConstructorAccessorImpl.newInstance(DelegatingConstructorAccessorImpl.java:45)at java.lang.reflect.Constructor.newInstance(Constructor.java:423)at org.openqa.selenium.remote.W3CHandshakeResponse.lambda$new$0(W3CHandshakeResponse.java:57)at org.openqa.selenium.remote.W3CHandshakeResponse.lambda$getResponseFunction$2(W3CHandshakeResponse.java:104)at org.openqa.selenium.remote.ProtocolHandshake.lambda$createSession$0(ProtocolHandshake.java:123)at java.util.stream.ReferencePipeline$3$1.accept(ReferencePipeline.java:193)at java.util.Spliterators$ArraySpliterator.tryAdvance(Spliterators.java:958)at java.util.stream.ReferencePipeline.forEachWithCancel(ReferencePipeline.java:126)at java.util.stream.AbstractPipeline.copyIntoWithCancel(AbstractPipeline.java:498)at java.util.stream.AbstractPipeline.copyInto(AbstractPipeline.java:485)at java.util.stream.AbstractPipeline.wrapAndCopyInto(AbstractPipeline.java:471)at java.util.stream.FindOps$FindOp.evaluateSequential(FindOps.java:152)at java.util.stream.AbstractPipeline.evaluate(AbstractPipeline.java:234)at java.util.stream.ReferencePipeline.findFirst(ReferencePipeline.java:464)at org.openqa.selenium.remote.ProtocolHandshake.createSession(ProtocolHandshake.java:126)at org.openqa.selenium.remote.ProtocolHandshake.createSession(ProtocolHandshake.java:73)at org.openqa.selenium.remote.HttpCommandExecutor.execute(HttpCommandExecutor.java:142)at org.openqa.selenium.remote.service.DriverCommandExecutor.execute(DriverCommandExecutor.java:83)at org.openqa.selenium.remote.RemoteWebDriver.execute(RemoteWebDriver.java:601)at org.openqa.selenium.remote.RemoteWebDriver.startSession(RemoteWebDriver.java:219)at org.openqa.selenium.remote.RemoteWebDriver.<init>(RemoteWebDriver.java:142)at org.openqa.selenium.firefox.FirefoxDriver.<init>(FirefoxDriver.java:120)at org.openqa.selenium.firefox.FirefoxDriver.<init>(FirefoxDriver.java:98)at TopIMDB250.Top250Test.GetBrowser(Top250Test.java:62)at sun.reflect.NativeMethodAccessorImpl.invoke0(Native Method)at sun.reflect.NativeMethodAccessorImpl.invoke(NativeMethodAccessorImpl.java:62)at sun.reflect.DelegatingMethodAccessorImpl.invoke(DelegatingMethodAccessorImpl.java:43)at java.lang.reflect.Method.invoke(Method.java:498)at org.testng.internal.MethodInvocationHelper.invokeMethod(MethodInvocationHelper.java:124)at org.testng.internal.Invoker.invokeMethod(Invoker.java:571)at org.testng.internal.Invoker.invokeTestMethod(Invoker.java:707)at org.testng.internal.Invoker.invokeTestMethods(Invoker.java:979)at org.testng.internal.TestMethodWorker.invokeTestMethods(TestMethodWorker.java:125)at org.testng.internal.TestMethodWorker.run(TestMethodWorker.java:109)at org.testng.TestRunner.privateRun(TestRunner.java:648)at org.testng.TestRunner.run(TestRunner.java:505)at org.testng.SuiteRunner.runTest(SuiteRunner.java:455)at org.testng.SuiteRunner.runSequentially(SuiteRunner.java:450)at org.testng.SuiteRunner.privateRun(SuiteRunner.java:415)at org.testng.SuiteRunner.run(SuiteRunner.java:364)at org.testng.SuiteRunnerWorker.runSuite(SuiteRunnerWorker.java:52)at org.testng.SuiteRunnerWorker.run(SuiteRunnerWorker.java:84)at org.testng.TestNG.runSuitesSequentially(TestNG.java:1187)at org.testng.TestNG.runSuitesLocally(TestNG.java:1116)at org.testng.TestNG.runSuites(TestNG.java:1028)at org.testng.TestNG.run(TestNG.java:996)at org.testng.remote.AbstractRemoteTestNG.run(AbstractRemoteTestNG.java:114)at org.testng.remote.RemoteTestNG.initAndRun(RemoteTestNG.java:251)at org.testng.remote.RemoteTestNG.main(RemoteTestNG.java:77)]]>
            </full-stacktrace>
          </exception> <!-- org.openqa.selenium.SessionNotCreatedException -->
          <reporter-output>
          </reporter-output>
        </test-method> <!-- GetBrowser -->
        <test-method status="FAIL" signature="NavigateToIMDB()[pri:2, instance:TopIMDB250.Top250Test@13fe9b6]" name="NavigateToIMDB" duration-ms="3" started-at="2018-02-19T16:53:35Z" finished-at="2018-02-19T16:53:35Z">
          <exception class="java.lang.NullPointerException">
            <full-stacktrace>
              <![CDATA[java.lang.NullPointerExceptionat TopIMDB250.Top250Test.NavigateToIMDB(Top250Test.java:77)at sun.reflect.NativeMethodAccessorImpl.invoke0(Native Method)at sun.reflect.NativeMethodAccessorImpl.invoke(NativeMethodAccessorImpl.java:62)at sun.reflect.DelegatingMethodAccessorImpl.invoke(DelegatingMethodAccessorImpl.java:43)at java.lang.reflect.Method.invoke(Method.java:498)at org.testng.internal.MethodInvocationHelper.invokeMethod(MethodInvocationHelper.java:124)at org.testng.internal.Invoker.invokeMethod(Invoker.java:571)at org.testng.internal.Invoker.invokeTestMethod(Invoker.java:707)at org.testng.internal.Invoker.invokeTestMethods(Invoker.java:979)at org.testng.internal.TestMethodWorker.invokeTestMethods(TestMethodWorker.java:125)at org.testng.internal.TestMethodWorker.run(TestMethodWorker.java:109)at org.testng.TestRunner.privateRun(TestRunner.java:648)at org.testng.TestRunner.run(TestRunner.java:505)at org.testng.SuiteRunner.runTest(SuiteRunner.java:455)at org.testng.SuiteRunner.runSequentially(SuiteRunner.java:450)at org.testng.SuiteRunner.privateRun(SuiteRunner.java:415)at org.testng.SuiteRunner.run(SuiteRunner.java:364)at org.testng.SuiteRunnerWorker.runSuite(SuiteRunnerWorker.java:52)at org.testng.SuiteRunnerWorker.run(SuiteRunnerWorker.java:84)at org.testng.TestNG.runSuitesSequentially(TestNG.java:1187)at org.testng.TestNG.runSuitesLocally(TestNG.java:1116)at org.testng.TestNG.runSuites(TestNG.java:1028)at org.testng.TestNG.run(TestNG.java:996)at org.testng.remote.AbstractRemoteTestNG.run(AbstractRemoteTestNG.java:114)at org.testng.remote.RemoteTestNG.initAndRun(RemoteTestNG.java:251)at org.testng.remote.RemoteTestNG.main(RemoteTestNG.java:77)]]>
            </full-stacktrace>
          </exception> <!-- java.lang.NullPointerException -->
          <reporter-output>
          </reporter-output>
        </test-method> <!-- NavigateToIMDB -->
        <test-method status="FAIL" signature="FetchData()[pri:3, instance:TopIMDB250.Top250Test@13fe9b6]" name="FetchData" duration-ms="4" started-at="2018-02-19T16:53:35Z" finished-at="2018-02-19T16:53:35Z">
          <exception class="java.lang.NullPointerException">
            <full-stacktrace>
              <![CDATA[java.lang.NullPointerExceptionat TopIMDB250.Top250Test.FetchData(Top250Test.java:94)at sun.reflect.NativeMethodAccessorImpl.invoke0(Native Method)at sun.reflect.NativeMethodAccessorImpl.invoke(NativeMethodAccessorImpl.java:62)at sun.reflect.DelegatingMethodAccessorImpl.invoke(DelegatingMethodAccessorImpl.java:43)at java.lang.reflect.Method.invoke(Method.java:498)at org.testng.internal.MethodInvocationHelper.invokeMethod(MethodInvocationHelper.java:124)at org.testng.internal.Invoker.invokeMethod(Invoker.java:571)at org.testng.internal.Invoker.invokeTestMethod(Invoker.java:707)at org.testng.internal.Invoker.invokeTestMethods(Invoker.java:979)at org.testng.internal.TestMethodWorker.invokeTestMethods(TestMethodWorker.java:125)at org.testng.internal.TestMethodWorker.run(TestMethodWorker.java:109)at org.testng.TestRunner.privateRun(TestRunner.java:648)at org.testng.TestRunner.run(TestRunner.java:505)at org.testng.SuiteRunner.runTest(SuiteRunner.java:455)at org.testng.SuiteRunner.runSequentially(SuiteRunner.java:450)at org.testng.SuiteRunner.privateRun(SuiteRunner.java:415)at org.testng.SuiteRunner.run(SuiteRunner.java:364)at org.testng.SuiteRunnerWorker.runSuite(SuiteRunnerWorker.java:52)at org.testng.SuiteRunnerWorker.run(SuiteRunnerWorker.java:84)at org.testng.TestNG.runSuitesSequentially(TestNG.java:1187)at org.testng.TestNG.runSuitesLocally(TestNG.java:1116)at org.testng.TestNG.runSuites(TestNG.java:1028)at org.testng.TestNG.run(TestNG.java:996)at org.testng.remote.AbstractRemoteTestNG.run(AbstractRemoteTestNG.java:114)at org.testng.remote.RemoteTestNG.initAndRun(RemoteTestNG.java:251)at org.testng.remote.RemoteTestNG.main(RemoteTestNG.java:77)]]>
            </full-stacktrace>
          </exception> <!-- java.lang.NullPointerException -->
          <reporter-output>
          </reporter-output>
        </test-method> <!-- FetchData -->
        <test-method status="PASS" signature="CreateFile()[pri:4, instance:TopIMDB250.Top250Test@13fe9b6]" name="CreateFile" duration-ms="72" started-at="2018-02-19T16:53:35Z" finished-at="2018-02-19T16:53:35Z">
          <reporter-output>
          </reporter-output>
        </test-method> <!-- CreateFile -->
      </class> <!-- TopIMDB250.Top250Test -->
    </test> <!-- Default test -->
  </suite> <!-- Default suite -->
</testng-results>
